<?xml version="1.0" encoding="UTF-8"?>
<testsuite xmlns:xsi="http://www.w3.org/2001/XMLSchema-instance" xsi:noNamespaceSchemaLocation="https://maven.apache.org/surefire/maven-surefire-plugin/xsd/surefire-test-report.xsd" version="3.0.2" name="com.configms.ConfigmsApplicationTests" time="1.922" tests="1" errors="0" skipped="0" failures="0">
  <properties>
    <property name="java.specification.version" value="21"/>
    <property name="sun.jnu.encoding" value="UTF-8"/>
    <property name="java.class.path" value="/home/puertocho/Proyectos/knowly/knowly_server/configms/target/test-classes:/home/puertocho/Proyectos/knowly/knowly_server/configms/target/classes:/home/puertocho/.m2/repository/org/springframework/cloud/spring-cloud-config-server/4.2.1/spring-cloud-config-server-4.2.1.jar:/home/puertocho/.m2/repository/org/springframework/cloud/spring-cloud-config-client/4.2.1/spring-cloud-config-client-4.2.1.jar:/home/puertocho/.m2/repository/org/springframework/boot/spring-boot-autoconfigure/3.4.4/spring-boot-autoconfigure-3.4.4.jar:/home/puertocho/.m2/repository/org/springframework/cloud/spring-cloud-starter/4.2.1/spring-cloud-starter-4.2.1.jar:/home/puertocho/.m2/repository/org/springframework/cloud/spring-cloud-context/4.2.1/spring-cloud-context-4.2.1.jar:/home/puertocho/.m2/repository/org/springframework/cloud/spring-cloud-commons/4.2.1/spring-cloud-commons-4.2.1.jar:/home/puertocho/.m2/repository/org/bouncycastle/bcprov-jdk18on/1.78.1/bcprov-jdk18on-1.78.1.jar:/home/puertocho/.m2/repository/org/springframework/spring-web/6.2.5/spring-web-6.2.5.jar:/home/puertocho/.m2/repository/org/springframework/spring-beans/6.2.5/spring-beans-6.2.5.jar:/home/puertocho/.m2/repository/com/fasterxml/jackson/core/jackson-annotations/2.18.3/jackson-annotations-2.18.3.jar:/home/puertocho/.m2/repository/com/fasterxml/jackson/core/jackson-databind/2.18.3/jackson-databind-2.18.3.jar:/home/puertocho/.m2/repository/io/micrometer/micrometer-observation/1.14.5/micrometer-observation-1.14.5.jar:/home/puertocho/.m2/repository/io/micrometer/micrometer-commons/1.14.5/micrometer-commons-1.14.5.jar:/home/puertocho/.m2/repository/org/springframework/boot/spring-boot-starter-web/3.4.4/spring-boot-starter-web-3.4.4.jar:/home/puertocho/.m2/repository/org/springframework/boot/spring-boot-starter-json/3.4.4/spring-boot-starter-json-3.4.4.jar:/home/puertocho/.m2/repository/com/fasterxml/jackson/datatype/jackson-datatype-jdk8/2.18.3/jackson-datatype-jdk8-2.18.3.jar:/home/puertocho/.m2/repository/com/fasterxml/jackson/datatype/jackson-datatype-jsr310/2.18.3/jackson-datatype-jsr310-2.18.3.jar:/home/puertocho/.m2/repository/com/fasterxml/jackson/module/jackson-module-parameter-names/2.18.3/jackson-module-parameter-names-2.18.3.jar:/home/puertocho/.m2/repository/org/springframework/boot/spring-boot-starter-tomcat/3.4.4/spring-boot-starter-tomcat-3.4.4.jar:/home/puertocho/.m2/repository/org/apache/tomcat/embed/tomcat-embed-core/10.1.39/tomcat-embed-core-10.1.39.jar:/home/puertocho/.m2/repository/org/apache/tomcat/embed/tomcat-embed-websocket/10.1.39/tomcat-embed-websocket-10.1.39.jar:/home/puertocho/.m2/repository/org/springframework/spring-webmvc/6.2.5/spring-webmvc-6.2.5.jar:/home/puertocho/.m2/repository/org/springframework/spring-aop/6.2.5/spring-aop-6.2.5.jar:/home/puertocho/.m2/repository/org/springframework/spring-context/6.2.5/spring-context-6.2.5.jar:/home/puertocho/.m2/repository/org/springframework/spring-expression/6.2.5/spring-expression-6.2.5.jar:/home/puertocho/.m2/repository/org/springframework/boot/spring-boot-starter-validation/3.4.4/spring-boot-starter-validation-3.4.4.jar:/home/puertocho/.m2/repository/org/apache/tomcat/embed/tomcat-embed-el/10.1.39/tomcat-embed-el-10.1.39.jar:/home/puertocho/.m2/repository/org/hibernate/validator/hibernate-validator/8.0.2.Final/hibernate-validator-8.0.2.Final.jar:/home/puertocho/.m2/repository/jakarta/validation/jakarta.validation-api/3.0.2/jakarta.validation-api-3.0.2.jar:/home/puertocho/.m2/repository/org/jboss/logging/jboss-logging/3.6.1.Final/jboss-logging-3.6.1.Final.jar:/home/puertocho/.m2/repository/com/fasterxml/classmate/1.7.0/classmate-1.7.0.jar:/home/puertocho/.m2/repository/org/springframework/security/spring-security-crypto/6.4.4/spring-security-crypto-6.4.4.jar:/home/puertocho/.m2/repository/org/apache/httpcomponents/client5/httpclient5/5.4.2/httpclient5-5.4.2.jar:/home/puertocho/.m2/repository/org/apache/httpcomponents/core5/httpcore5/5.3.3/httpcore5-5.3.3.jar:/home/puertocho/.m2/repository/org/apache/httpcomponents/core5/httpcore5-h2/5.3.3/httpcore5-h2-5.3.3.jar:/home/puertocho/.m2/repository/org/slf4j/slf4j-api/2.0.17/slf4j-api-2.0.17.jar:/home/puertocho/.m2/repository/org/eclipse/jgit/org.eclipse.jgit/6.10.0.202406032230-r/org.eclipse.jgit-6.10.0.202406032230-r.jar:/home/puertocho/.m2/repository/com/googlecode/javaewah/JavaEWAH/1.2.3/JavaEWAH-1.2.3.jar:/home/puertocho/.m2/repository/commons-codec/commons-codec/1.17.2/commons-codec-1.17.2.jar:/home/puertocho/.m2/repository/org/eclipse/jgit/org.eclipse.jgit.http.apache/6.10.0.202406032230-r/org.eclipse.jgit.http.apache-6.10.0.202406032230-r.jar:/home/puertocho/.m2/repository/org/apache/httpcomponents/httpclient/4.5.14/httpclient-4.5.14.jar:/home/puertocho/.m2/repository/commons-logging/commons-logging/1.2/commons-logging-1.2.jar:/home/puertocho/.m2/repository/org/apache/httpcomponents/httpcore/4.4.16/httpcore-4.4.16.jar:/home/puertocho/.m2/repository/org/eclipse/jgit/org.eclipse.jgit.ssh.apache/6.10.0.202406032230-r/org.eclipse.jgit.ssh.apache-6.10.0.202406032230-r.jar:/home/puertocho/.m2/repository/org/apache/sshd/sshd-osgi/2.12.1/sshd-osgi-2.12.1.jar:/home/puertocho/.m2/repository/org/slf4j/jcl-over-slf4j/2.0.17/jcl-over-slf4j-2.0.17.jar:/home/puertocho/.m2/repository/org/apache/sshd/sshd-sftp/2.12.1/sshd-sftp-2.12.1.jar:/home/puertocho/.m2/repository/net/i2p/crypto/eddsa/0.3.0/eddsa-0.3.0.jar:/home/puertocho/.m2/repository/org/yaml/snakeyaml/2.3/snakeyaml-2.3.jar:/home/puertocho/.m2/repository/com/fasterxml/jackson/dataformat/jackson-dataformat-yaml/2.18.3/jackson-dataformat-yaml-2.18.3.jar:/home/puertocho/.m2/repository/com/fasterxml/jackson/core/jackson-core/2.18.3/jackson-core-2.18.3.jar:/home/puertocho/.m2/repository/org/springframework/boot/spring-boot-starter-test/3.4.4/spring-boot-starter-test-3.4.4.jar:/home/puertocho/.m2/repository/org/springframework/boot/spring-boot-starter/3.4.4/spring-boot-starter-3.4.4.jar:/home/puertocho/.m2/repository/org/springframework/boot/spring-boot/3.4.4/spring-boot-3.4.4.jar:/home/puertocho/.m2/repository/org/springframework/boot/spring-boot-starter-logging/3.4.4/spring-boot-starter-logging-3.4.4.jar:/home/puertocho/.m2/repository/ch/qos/logback/logback-classic/1.5.18/logback-classic-1.5.18.jar:/home/puertocho/.m2/repository/ch/qos/logback/logback-core/1.5.18/logback-core-1.5.18.jar:/home/puertocho/.m2/repository/org/apache/logging/log4j/log4j-to-slf4j/2.24.3/log4j-to-slf4j-2.24.3.jar:/home/puertocho/.m2/repository/org/apache/logging/log4j/log4j-api/2.24.3/log4j-api-2.24.3.jar:/home/puertocho/.m2/repository/org/slf4j/jul-to-slf4j/2.0.17/jul-to-slf4j-2.0.17.jar:/home/puertocho/.m2/repository/jakarta/annotation/jakarta.annotation-api/2.1.1/jakarta.annotation-api-2.1.1.jar:/home/puertocho/.m2/repository/org/springframework/boot/spring-boot-test/3.4.4/spring-boot-test-3.4.4.jar:/home/puertocho/.m2/repository/org/springframework/boot/spring-boot-test-autoconfigure/3.4.4/spring-boot-test-autoconfigure-3.4.4.jar:/home/puertocho/.m2/repository/com/jayway/jsonpath/json-path/2.9.0/json-path-2.9.0.jar:/home/puertocho/.m2/repository/jakarta/xml/bind/jakarta.xml.bind-api/4.0.2/jakarta.xml.bind-api-4.0.2.jar:/home/puertocho/.m2/repository/jakarta/activation/jakarta.activation-api/2.1.3/jakarta.activation-api-2.1.3.jar:/home/puertocho/.m2/repository/net/minidev/json-smart/2.5.2/json-smart-2.5.2.jar:/home/puertocho/.m2/repository/net/minidev/accessors-smart/2.5.2/accessors-smart-2.5.2.jar:/home/puertocho/.m2/repository/org/ow2/asm/asm/9.7.1/asm-9.7.1.jar:/home/puertocho/.m2/repository/org/assertj/assertj-core/3.26.3/assertj-core-3.26.3.jar:/home/puertocho/.m2/repository/net/bytebuddy/byte-buddy/1.15.11/byte-buddy-1.15.11.jar:/home/puertocho/.m2/repository/org/awaitility/awaitility/4.2.2/awaitility-4.2.2.jar:/home/puertocho/.m2/repository/org/hamcrest/hamcrest/2.2/hamcrest-2.2.jar:/home/puertocho/.m2/repository/org/junit/jupiter/junit-jupiter/5.11.4/junit-jupiter-5.11.4.jar:/home/puertocho/.m2/repository/org/junit/jupiter/junit-jupiter-api/5.11.4/junit-jupiter-api-5.11.4.jar:/home/puertocho/.m2/repository/org/opentest4j/opentest4j/1.3.0/opentest4j-1.3.0.jar:/home/puertocho/.m2/repository/org/junit/platform/junit-platform-commons/1.11.4/junit-platform-commons-1.11.4.jar:/home/puertocho/.m2/repository/org/apiguardian/apiguardian-api/1.1.2/apiguardian-api-1.1.2.jar:/home/puertocho/.m2/repository/org/junit/jupiter/junit-jupiter-params/5.11.4/junit-jupiter-params-5.11.4.jar:/home/puertocho/.m2/repository/org/junit/jupiter/junit-jupiter-engine/5.11.4/junit-jupiter-engine-5.11.4.jar:/home/puertocho/.m2/repository/org/junit/platform/junit-platform-engine/1.11.4/junit-platform-engine-1.11.4.jar:/home/puertocho/.m2/repository/org/mockito/mockito-core/5.14.2/mockito-core-5.14.2.jar:/home/puertocho/.m2/repository/net/bytebuddy/byte-buddy-agent/1.15.11/byte-buddy-agent-1.15.11.jar:/home/puertocho/.m2/repository/org/objenesis/objenesis/3.3/objenesis-3.3.jar:/home/puertocho/.m2/repository/org/mockito/mockito-junit-jupiter/5.14.2/mockito-junit-jupiter-5.14.2.jar:/home/puertocho/.m2/repository/org/skyscreamer/jsonassert/1.5.3/jsonassert-1.5.3.jar:/home/puertocho/.m2/repository/com/vaadin/external/google/android-json/0.0.20131108.vaadin1/android-json-0.0.20131108.vaadin1.jar:/home/puertocho/.m2/repository/org/springframework/spring-core/6.2.5/spring-core-6.2.5.jar:/home/puertocho/.m2/repository/org/springframework/spring-jcl/6.2.5/spring-jcl-6.2.5.jar:/home/puertocho/.m2/repository/org/springframework/spring-test/6.2.5/spring-test-6.2.5.jar:/home/puertocho/.m2/repository/org/xmlunit/xmlunit-core/2.10.0/xmlunit-core-2.10.0.jar:"/>
    <property name="java.vm.vendor" value="Ubuntu"/>
    <property name="sun.arch.data.model" value="64"/>
    <property name="java.vendor.url" value="https://ubuntu.com/"/>
    <property name="user.timezone" value="Europe/Madrid"/>
    <property name="org.jboss.logging.provider" value="slf4j"/>
    <property name="os.name" value="Linux"/>
    <property name="java.vm.specification.version" value="21"/>
    <property name="APPLICATION_NAME" value="knowly-config"/>
    <property name="sun.java.launcher" value="SUN_STANDARD"/>
    <property name="user.country" value="ES"/>
    <property name="sun.boot.library.path" value="/usr/lib/jvm/java-21-openjdk-amd64/lib"/>
    <property name="sun.java.command" value="/home/puertocho/Proyectos/knowly/knowly_server/configms/target/surefire/surefirebooter-20250327184803994_3.jar /home/puertocho/Proyectos/knowly/knowly_server/configms/target/surefire 2025-03-27T18-48-03_741-jvmRun1 surefire-20250327184803994_1tmp surefire_0-20250327184803994_2tmp"/>
    <property name="jdk.debug" value="release"/>
    <property name="surefire.test.class.path" value="/home/puertocho/Proyectos/knowly/knowly_server/configms/target/test-classes:/home/puertocho/Proyectos/knowly/knowly_server/configms/target/classes:/home/puertocho/.m2/repository/org/springframework/cloud/spring-cloud-config-server/4.2.1/spring-cloud-config-server-4.2.1.jar:/home/puertocho/.m2/repository/org/springframework/cloud/spring-cloud-config-client/4.2.1/spring-cloud-config-client-4.2.1.jar:/home/puertocho/.m2/repository/org/springframework/boot/spring-boot-autoconfigure/3.4.4/spring-boot-autoconfigure-3.4.4.jar:/home/puertocho/.m2/repository/org/springframework/cloud/spring-cloud-starter/4.2.1/spring-cloud-starter-4.2.1.jar:/home/puertocho/.m2/repository/org/springframework/cloud/spring-cloud-context/4.2.1/spring-cloud-context-4.2.1.jar:/home/puertocho/.m2/repository/org/springframework/cloud/spring-cloud-commons/4.2.1/spring-cloud-commons-4.2.1.jar:/home/puertocho/.m2/repository/org/bouncycastle/bcprov-jdk18on/1.78.1/bcprov-jdk18on-1.78.1.jar:/home/puertocho/.m2/repository/org/springframework/spring-web/6.2.5/spring-web-6.2.5.jar:/home/puertocho/.m2/repository/org/springframework/spring-beans/6.2.5/spring-beans-6.2.5.jar:/home/puertocho/.m2/repository/com/fasterxml/jackson/core/jackson-annotations/2.18.3/jackson-annotations-2.18.3.jar:/home/puertocho/.m2/repository/com/fasterxml/jackson/core/jackson-databind/2.18.3/jackson-databind-2.18.3.jar:/home/puertocho/.m2/repository/io/micrometer/micrometer-observation/1.14.5/micrometer-observation-1.14.5.jar:/home/puertocho/.m2/repository/io/micrometer/micrometer-commons/1.14.5/micrometer-commons-1.14.5.jar:/home/puertocho/.m2/repository/org/springframework/boot/spring-boot-starter-web/3.4.4/spring-boot-starter-web-3.4.4.jar:/home/puertocho/.m2/repository/org/springframework/boot/spring-boot-starter-json/3.4.4/spring-boot-starter-json-3.4.4.jar:/home/puertocho/.m2/repository/com/fasterxml/jackson/datatype/jackson-datatype-jdk8/2.18.3/jackson-datatype-jdk8-2.18.3.jar:/home/puertocho/.m2/repository/com/fasterxml/jackson/datatype/jackson-datatype-jsr310/2.18.3/jackson-datatype-jsr310-2.18.3.jar:/home/puertocho/.m2/repository/com/fasterxml/jackson/module/jackson-module-parameter-names/2.18.3/jackson-module-parameter-names-2.18.3.jar:/home/puertocho/.m2/repository/org/springframework/boot/spring-boot-starter-tomcat/3.4.4/spring-boot-starter-tomcat-3.4.4.jar:/home/puertocho/.m2/repository/org/apache/tomcat/embed/tomcat-embed-core/10.1.39/tomcat-embed-core-10.1.39.jar:/home/puertocho/.m2/repository/org/apache/tomcat/embed/tomcat-embed-websocket/10.1.39/tomcat-embed-websocket-10.1.39.jar:/home/puertocho/.m2/repository/org/springframework/spring-webmvc/6.2.5/spring-webmvc-6.2.5.jar:/home/puertocho/.m2/repository/org/springframework/spring-aop/6.2.5/spring-aop-6.2.5.jar:/home/puertocho/.m2/repository/org/springframework/spring-context/6.2.5/spring-context-6.2.5.jar:/home/puertocho/.m2/repository/org/springframework/spring-expression/6.2.5/spring-expression-6.2.5.jar:/home/puertocho/.m2/repository/org/springframework/boot/spring-boot-starter-validation/3.4.4/spring-boot-starter-validation-3.4.4.jar:/home/puertocho/.m2/repository/org/apache/tomcat/embed/tomcat-embed-el/10.1.39/tomcat-embed-el-10.1.39.jar:/home/puertocho/.m2/repository/org/hibernate/validator/hibernate-validator/8.0.2.Final/hibernate-validator-8.0.2.Final.jar:/home/puertocho/.m2/repository/jakarta/validation/jakarta.validation-api/3.0.2/jakarta.validation-api-3.0.2.jar:/home/puertocho/.m2/repository/org/jboss/logging/jboss-logging/3.6.1.Final/jboss-logging-3.6.1.Final.jar:/home/puertocho/.m2/repository/com/fasterxml/classmate/1.7.0/classmate-1.7.0.jar:/home/puertocho/.m2/repository/org/springframework/security/spring-security-crypto/6.4.4/spring-security-crypto-6.4.4.jar:/home/puertocho/.m2/repository/org/apache/httpcomponents/client5/httpclient5/5.4.2/httpclient5-5.4.2.jar:/home/puertocho/.m2/repository/org/apache/httpcomponents/core5/httpcore5/5.3.3/httpcore5-5.3.3.jar:/home/puertocho/.m2/repository/org/apache/httpcomponents/core5/httpcore5-h2/5.3.3/httpcore5-h2-5.3.3.jar:/home/puertocho/.m2/repository/org/slf4j/slf4j-api/2.0.17/slf4j-api-2.0.17.jar:/home/puertocho/.m2/repository/org/eclipse/jgit/org.eclipse.jgit/6.10.0.202406032230-r/org.eclipse.jgit-6.10.0.202406032230-r.jar:/home/puertocho/.m2/repository/com/googlecode/javaewah/JavaEWAH/1.2.3/JavaEWAH-1.2.3.jar:/home/puertocho/.m2/repository/commons-codec/commons-codec/1.17.2/commons-codec-1.17.2.jar:/home/puertocho/.m2/repository/org/eclipse/jgit/org.eclipse.jgit.http.apache/6.10.0.202406032230-r/org.eclipse.jgit.http.apache-6.10.0.202406032230-r.jar:/home/puertocho/.m2/repository/org/apache/httpcomponents/httpclient/4.5.14/httpclient-4.5.14.jar:/home/puertocho/.m2/repository/commons-logging/commons-logging/1.2/commons-logging-1.2.jar:/home/puertocho/.m2/repository/org/apache/httpcomponents/httpcore/4.4.16/httpcore-4.4.16.jar:/home/puertocho/.m2/repository/org/eclipse/jgit/org.eclipse.jgit.ssh.apache/6.10.0.202406032230-r/org.eclipse.jgit.ssh.apache-6.10.0.202406032230-r.jar:/home/puertocho/.m2/repository/org/apache/sshd/sshd-osgi/2.12.1/sshd-osgi-2.12.1.jar:/home/puertocho/.m2/repository/org/slf4j/jcl-over-slf4j/2.0.17/jcl-over-slf4j-2.0.17.jar:/home/puertocho/.m2/repository/org/apache/sshd/sshd-sftp/2.12.1/sshd-sftp-2.12.1.jar:/home/puertocho/.m2/repository/net/i2p/crypto/eddsa/0.3.0/eddsa-0.3.0.jar:/home/puertocho/.m2/repository/org/yaml/snakeyaml/2.3/snakeyaml-2.3.jar:/home/puertocho/.m2/repository/com/fasterxml/jackson/dataformat/jackson-dataformat-yaml/2.18.3/jackson-dataformat-yaml-2.18.3.jar:/home/puertocho/.m2/repository/com/fasterxml/jackson/core/jackson-core/2.18.3/jackson-core-2.18.3.jar:/home/puertocho/.m2/repository/org/springframework/boot/spring-boot-starter-test/3.4.4/spring-boot-starter-test-3.4.4.jar:/home/puertocho/.m2/repository/org/springframework/boot/spring-boot-starter/3.4.4/spring-boot-starter-3.4.4.jar:/home/puertocho/.m2/repository/org/springframework/boot/spring-boot/3.4.4/spring-boot-3.4.4.jar:/home/puertocho/.m2/repository/org/springframework/boot/spring-boot-starter-logging/3.4.4/spring-boot-starter-logging-3.4.4.jar:/home/puertocho/.m2/repository/ch/qos/logback/logback-classic/1.5.18/logback-classic-1.5.18.jar:/home/puertocho/.m2/repository/ch/qos/logback/logback-core/1.5.18/logback-core-1.5.18.jar:/home/puertocho/.m2/repository/org/apache/logging/log4j/log4j-to-slf4j/2.24.3/log4j-to-slf4j-2.24.3.jar:/home/puertocho/.m2/repository/org/apache/logging/log4j/log4j-api/2.24.3/log4j-api-2.24.3.jar:/home/puertocho/.m2/repository/org/slf4j/jul-to-slf4j/2.0.17/jul-to-slf4j-2.0.17.jar:/home/puertocho/.m2/repository/jakarta/annotation/jakarta.annotation-api/2.1.1/jakarta.annotation-api-2.1.1.jar:/home/puertocho/.m2/repository/org/springframework/boot/spring-boot-test/3.4.4/spring-boot-test-3.4.4.jar:/home/puertocho/.m2/repository/org/springframework/boot/spring-boot-test-autoconfigure/3.4.4/spring-boot-test-autoconfigure-3.4.4.jar:/home/puertocho/.m2/repository/com/jayway/jsonpath/json-path/2.9.0/json-path-2.9.0.jar:/home/puertocho/.m2/repository/jakarta/xml/bind/jakarta.xml.bind-api/4.0.2/jakarta.xml.bind-api-4.0.2.jar:/home/puertocho/.m2/repository/jakarta/activation/jakarta.activation-api/2.1.3/jakarta.activation-api-2.1.3.jar:/home/puertocho/.m2/repository/net/minidev/json-smart/2.5.2/json-smart-2.5.2.jar:/home/puertocho/.m2/repository/net/minidev/accessors-smart/2.5.2/accessors-smart-2.5.2.jar:/home/puertocho/.m2/repository/org/ow2/asm/asm/9.7.1/asm-9.7.1.jar:/home/puertocho/.m2/repository/org/assertj/assertj-core/3.26.3/assertj-core-3.26.3.jar:/home/puertocho/.m2/repository/net/bytebuddy/byte-buddy/1.15.11/byte-buddy-1.15.11.jar:/home/puertocho/.m2/repository/org/awaitility/awaitility/4.2.2/awaitility-4.2.2.jar:/home/puertocho/.m2/repository/org/hamcrest/hamcrest/2.2/hamcrest-2.2.jar:/home/puertocho/.m2/repository/org/junit/jupiter/junit-jupiter/5.11.4/junit-jupiter-5.11.4.jar:/home/puertocho/.m2/repository/org/junit/jupiter/junit-jupiter-api/5.11.4/junit-jupiter-api-5.11.4.jar:/home/puertocho/.m2/repository/org/opentest4j/opentest4j/1.3.0/opentest4j-1.3.0.jar:/home/puertocho/.m2/repository/org/junit/platform/junit-platform-commons/1.11.4/junit-platform-commons-1.11.4.jar:/home/puertocho/.m2/repository/org/apiguardian/apiguardian-api/1.1.2/apiguardian-api-1.1.2.jar:/home/puertocho/.m2/repository/org/junit/jupiter/junit-jupiter-params/5.11.4/junit-jupiter-params-5.11.4.jar:/home/puertocho/.m2/repository/org/junit/jupiter/junit-jupiter-engine/5.11.4/junit-jupiter-engine-5.11.4.jar:/home/puertocho/.m2/repository/org/junit/platform/junit-platform-engine/1.11.4/junit-platform-engine-1.11.4.jar:/home/puertocho/.m2/repository/org/mockito/mockito-core/5.14.2/mockito-core-5.14.2.jar:/home/puertocho/.m2/repository/net/bytebuddy/byte-buddy-agent/1.15.11/byte-buddy-agent-1.15.11.jar:/home/puertocho/.m2/repository/org/objenesis/objenesis/3.3/objenesis-3.3.jar:/home/puertocho/.m2/repository/org/mockito/mockito-junit-jupiter/5.14.2/mockito-junit-jupiter-5.14.2.jar:/home/puertocho/.m2/repository/org/skyscreamer/jsonassert/1.5.3/jsonassert-1.5.3.jar:/home/puertocho/.m2/repository/com/vaadin/external/google/android-json/0.0.20131108.vaadin1/android-json-0.0.20131108.vaadin1.jar:/home/puertocho/.m2/repository/org/springframework/spring-core/6.2.5/spring-core-6.2.5.jar:/home/puertocho/.m2/repository/org/springframework/spring-jcl/6.2.5/spring-jcl-6.2.5.jar:/home/puertocho/.m2/repository/org/springframework/spring-test/6.2.5/spring-test-6.2.5.jar:/home/puertocho/.m2/repository/org/xmlunit/xmlunit-core/2.10.0/xmlunit-core-2.10.0.jar:"/>
    <property name="sun.cpu.endian" value="little"/>
    <property name="user.home" value="/home/puertocho"/>
    <property name="user.language" value="es"/>
    <property name="java.specification.vendor" value="Oracle Corporation"/>
    <property name="java.version.date" value="2025-01-21"/>
    <property name="java.home" value="/usr/lib/jvm/java-21-openjdk-amd64"/>
    <property name="file.separator" value="/"/>
    <property name="basedir" value="/home/puertocho/Proyectos/knowly/knowly_server/configms"/>
    <property name="java.vm.compressedOopsMode" value="Zero based"/>
    <property name="line.separator" value="&#10;"/>
    <property name="java.vm.specification.vendor" value="Oracle Corporation"/>
    <property name="java.specification.name" value="Java Platform API Specification"/>
    <property name="FILE_LOG_CHARSET" value="UTF-8"/>
    <property name="java.awt.headless" value="true"/>
    <property name="surefire.real.class.path" value="/home/puertocho/Proyectos/knowly/knowly_server/configms/target/surefire/surefirebooter-20250327184803994_3.jar"/>
    <property name="sun.management.compiler" value="HotSpot 64-Bit Tiered Compilers"/>
    <property name="java.runtime.version" value="21.0.6+7-Ubuntu-124.04.1"/>
    <property name="user.name" value="puertocho"/>
    <property name="stdout.encoding" value="UTF-8"/>
    <property name="path.separator" value=":"/>
    <property name="os.version" value="6.11.0-19-generic"/>
    <property name="java.runtime.name" value="OpenJDK Runtime Environment"/>
    <property name="file.encoding" value="UTF-8"/>
    <property name="java.vm.name" value="OpenJDK 64-Bit Server VM"/>
    <property name="localRepository" value="/home/puertocho/.m2/repository"/>
    <property name="java.vendor.url.bug" value="https://bugs.launchpad.net/ubuntu/+source/openjdk-21"/>
    <property name="java.io.tmpdir" value="/tmp"/>
    <property name="java.version" value="21.0.6"/>
    <property name="user.dir" value="/home/puertocho/Proyectos/knowly/knowly_server/configms"/>
    <property name="os.arch" value="amd64"/>
    <property name="java.vm.specification.name" value="Java Virtual Machine Specification"/>
    <property name="PID" value="2521543"/>
    <property name="CONSOLE_LOG_CHARSET" value="UTF-8"/>
    <property name="native.encoding" value="UTF-8"/>
    <property name="java.library.path" value="/usr/local/cuda/lib64:/usr/local/cuda/lib64:/tmp/.mount_cursorOURKlj/usr/lib/:/tmp/.mount_cursorOURKlj/usr/lib32/:/tmp/.mount_cursorOURKlj/usr/lib64/:/tmp/.mount_cursorOURKlj/lib/:/tmp/.mount_cursorOURKlj/lib/i386-linux-gnu/:/tmp/.mount_cursorOURKlj/lib/x86_64-linux-gnu/:/tmp/.mount_cursorOURKlj/lib/aarch64-linux-gnu/:/tmp/.mount_cursorOURKlj/lib32/:/tmp/.mount_cursorOURKlj/lib64/::/usr/java/packages/lib:/usr/lib/x86_64-linux-gnu/jni:/lib/x86_64-linux-gnu:/usr/lib/x86_64-linux-gnu:/usr/lib/jni:/lib:/usr/lib"/>
    <property name="java.vm.info" value="mixed mode, sharing"/>
    <property name="stderr.encoding" value="UTF-8"/>
    <property name="java.vendor" value="Ubuntu"/>
    <property name="java.vm.version" value="21.0.6+7-Ubuntu-124.04.1"/>
    <property name="sun.io.unicode.encoding" value="UnicodeLittle"/>
    <property name="java.class.version" value="65.0"/>
    <property name="LOGGED_APPLICATION_NAME" value="[knowly-config] "/>
  </properties>
  <testcase name="contextLoads" classname="com.configms.ConfigmsApplicationTests" time="0.417">
    <system-out><![CDATA[18:48:04.389 [main] INFO org.springframework.test.context.support.AnnotationConfigContextLoaderUtils -- Could not detect default configuration classes for test class [com.configms.ConfigmsApplicationTests]: ConfigmsApplicationTests does not declare any static, non-private, non-final, nested classes annotated with @Configuration.
18:48:04.447 [main] INFO org.springframework.boot.test.context.SpringBootTestContextBootstrapper -- Found @SpringBootConfiguration com.configms.ConfigmsApplication for test class com.configms.ConfigmsApplicationTests
 __  __     __   __     ______     __     __     __         __  __              ______     ______     __   __     ______   __     ______    
/\ \/ /    /\ "-.\ \   /\  __ \   /\ \  _ \ \   /\ \       /\ \_\ \            /\  ___\   /\  __ \   /\ "-.\ \   /\  ___\ /\ \   /\  ___\   
\ \  _"-.  \ \ \-.  \  \ \ \/\ \  \ \ \/ ".\ \  \ \ \____  \ \____ \           \ \ \____  \ \ \/\ \  \ \ \-.  \  \ \  __\ \ \ \  \ \ \__ \  
 \ \_\ \_\  \ \_\\"\_\  \ \_____\  \ \__/".~\_\  \ \_____\  \/\_____\           \ \_____\  \ \_____\  \ \_\\"\_\  \ \_\    \ \_\  \ \_____\ 
  \/_/\/_/   \/_/ \/_/   \/_____/   \/_/   \/_/   \/_____/   \/_____/            \/_____/   \/_____/   \/_/ \/_/   \/_/     \/_/   \/_____/ 
 
 **** Puertocho Studios ****
 
Powered by Spring Boot 3.4.4
2025-03-27T18:48:04.855+01:00  INFO 2521543 --- [knowly-config] [           main] com.configms.ConfigmsApplicationTests    : Starting ConfigmsApplicationTests using Java 21.0.6 with PID 2521543 (started by puertocho in /home/puertocho/Proyectos/knowly/knowly_server/configms)
2025-03-27T18:48:04.857+01:00  INFO 2521543 --- [knowly-config] [           main] com.configms.ConfigmsApplicationTests    : The following 1 profile is active: "native"
2025-03-27T18:48:05.263+01:00  INFO 2521543 --- [knowly-config] [           main] o.s.cloud.context.scope.GenericScope     : BeanFactory id=0ae6a4f7-9ce9-3cd7-989b-4f7456d01304
2025-03-27T18:48:05.801+01:00  INFO 2521543 --- [knowly-config] [           main] com.configms.ConfigmsApplicationTests    : Started ConfigmsApplicationTests in 1.16 seconds (process running for 1.771)
]]></system-out>
    <system-err><![CDATA[Mockito is currently self-attaching to enable the inline-mock-maker. This will no longer work in future releases of the JDK. Please add Mockito as an agent to your build what is described in Mockito's documentation: https://javadoc.io/doc/org.mockito/mockito-core/latest/org/mockito/Mockito.html#0.3
WARNING: A Java agent has been loaded dynamically (/home/puertocho/.m2/repository/net/bytebuddy/byte-buddy-agent/1.15.11/byte-buddy-agent-1.15.11.jar)
WARNING: If a serviceability tool is in use, please run with -XX:+EnableDynamicAgentLoading to hide this warning
WARNING: If a serviceability tool is not in use, please run with -Djdk.instrument.traceUsage for more information
WARNING: Dynamic loading of agents will be disallowed by default in a future release
]]></system-err>
  </testcase>
</testsuite>